#
# There is insufficient memory for the Java Runtime Environment to continue.
# Native memory allocation (malloc) failed to allocate 333552 bytes for Chunk::new
# Possible reasons:
#   The system is out of physical RAM or swap space
#   In 32 bit mode, the process size limit was hit
# Possible solutions:
#   Reduce memory load on the system
#   Increase physical memory or swap space
#   Check if swap backing store is full
#   Use 64 bit Java on a 64 bit OS
#   Decrease Java heap size (-Xmx/-Xms)
#   Decrease number of Java threads
#   Decrease Java thread stack sizes (-Xss)
#   Set larger code cache with -XX:ReservedCodeCacheSize=
# This output file may be truncated or incomplete.
#
#  Out of Memory Error (allocation.cpp:390), pid=15052, tid=0x0000000000003920
#
# JRE version: Java(TM) SE Runtime Environment (8.0_152-b16) (build 1.8.0_152-b16)
# Java VM: Java HotSpot(TM) 64-Bit Server VM (25.152-b16 mixed mode windows-amd64 compressed oops)
# Failed to write core dump. Minidumps are not enabled by default on client versions of Windows
#

---------------  T H R E A D  ---------------

Current thread (0x00000000176d3800):  JavaThread "C2 CompilerThread0" daemon [_thread_in_native, id=14624, stack(0x0000000018470000,0x0000000018570000)]

Stack: [0x0000000018470000,0x0000000018570000]
[error occurred during error reporting (printing stack bounds), id 0xc0000005]

Native frames: (J=compiled Java code, j=interpreted, Vv=VM code, C=native code)


Current CompileTask:
C2:2437685 6616       4       io.netty.channel.AbstractChannelHandlerContext::flush (67 bytes)


---------------  P R O C E S S  ---------------

Java Threads: ( => current thread )
  0x0000000019557000 JavaThread "rpc-client-reaper-0" daemon [_thread_blocked, id=26948, stack(0x0000000029510000,0x0000000029610000)]
  0x0000000019556800 JavaThread "rpc-client-reaper-0" daemon [_thread_blocked, id=18996, stack(0x0000000029310000,0x0000000029410000)]
  0x0000000019555800 JavaThread "rpc-client-reaper-0" daemon [_thread_blocked, id=10376, stack(0x00000000291b0000,0x00000000292b0000)]
  0x000000001cf50000 JavaThread "rpc-client-reaper-0" daemon [_thread_blocked, id=25964, stack(0x0000000027d20000,0x0000000027e20000)]
  0x000000001cf54000 JavaThread "rpc-client-reaper-0" daemon [_thread_blocked, id=25120, stack(0x0000000028e90000,0x0000000028f90000)]
  0x000000001cf53000 JavaThread "rpc-client-reaper-0" daemon [_thread_blocked, id=19540, stack(0x0000000028bd0000,0x0000000028cd0000)]
  0x000000001cf52800 JavaThread "rpc-client-reaper-0" daemon [_thread_blocked, id=11492, stack(0x0000000028d20000,0x0000000028e20000)]
  0x000000001cf51800 JavaThread "rpc-client-reaper-0" daemon [_thread_blocked, id=16164, stack(0x00000000289b0000,0x0000000028ab0000)]
  0x000000001cf51000 JavaThread "rpc-client-reaper-0" daemon [_thread_blocked, id=26916, stack(0x00000000286e0000,0x00000000287e0000)]
  0x000000001cf4e800 JavaThread "rpc-client-reaper-0" daemon [_thread_blocked, id=20252, stack(0x00000000283d0000,0x00000000284d0000)]
  0x000000001cf4f800 JavaThread "rpc-client-reaper-0" daemon [_thread_blocked, id=416, stack(0x0000000028ad0000,0x0000000028bd0000)]
  0x000000001cf4e000 JavaThread "rpc-client-reaper-0" daemon [_thread_blocked, id=24252, stack(0x0000000028830000,0x0000000028930000)]
  0x000000001a683000 JavaThread "rpc-client-reaper-0" daemon [_thread_blocked, id=31000, stack(0x00000000271e0000,0x00000000272e0000)]
  0x000000001cf4d000 JavaThread "rpc-client-reaper-0" daemon [_thread_blocked, id=6892, stack(0x0000000028560000,0x0000000028660000)]
  0x000000001a689800 JavaThread "rpc-client-reaper-0" daemon [_thread_blocked, id=27368, stack(0x00000000282d0000,0x00000000283d0000)]
  0x000000001a689000 JavaThread "rpc-client-reaper-0" daemon [_thread_blocked, id=29124, stack(0x0000000027f00000,0x0000000028000000)]
  0x000000001a688000 JavaThread "rpc-client-reaper-0" daemon [_thread_blocked, id=29692, stack(0x00000000281c0000,0x00000000282c0000)]
  0x000000001a687800 JavaThread "rpc-client-reaper-0" daemon [_thread_blocked, id=15992, stack(0x0000000028000000,0x0000000028100000)]
  0x000000001a686800 JavaThread "rpc-client-reaper-0" daemon [_thread_blocked, id=11748, stack(0x0000000027bb0000,0x0000000027cb0000)]
  0x000000001a686000 JavaThread "rpc-client-reaper-0" daemon [_thread_blocked, id=25920, stack(0x0000000026b20000,0x0000000026c20000)]
  0x000000001a685000 JavaThread "rpc-client-reaper-0" daemon [_thread_blocked, id=18724, stack(0x0000000027640000,0x0000000027740000)]
  0x000000001a684800 JavaThread "rpc-client-reaper-0" daemon [_thread_blocked, id=25200, stack(0x0000000027530000,0x0000000027630000)]
  0x000000001a683800 JavaThread "rpc-client-reaper-0" daemon [_thread_blocked, id=26424, stack(0x0000000027360000,0x0000000027460000)]
  0x00000000195af800 JavaThread "rpc-client-reaper-0" daemon [_thread_blocked, id=10664, stack(0x0000000026c30000,0x0000000026d30000)]
  0x00000000195b3800 JavaThread "rpc-client-reaper-0" daemon [_thread_blocked, id=6280, stack(0x00000000278a0000,0x00000000279a0000)]
  0x00000000195b2800 JavaThread "rpc-client-reaper-0" daemon [_thread_blocked, id=28216, stack(0x0000000027750000,0x0000000027850000)]
  0x00000000195b2000 JavaThread "rpc-client-reaper-0" daemon [_thread_blocked, id=23048, stack(0x0000000026490000,0x0000000026590000)]
  0x00000000195b1000 JavaThread "rpc-client-reaper-0" daemon [_thread_blocked, id=16236, stack(0x00000000270e0000,0x00000000271e0000)]
  0x00000000195b0800 JavaThread "rpc-client-reaper-0" daemon [_thread_blocked, id=26968, stack(0x0000000026fa0000,0x00000000270a0000)]
  0x000000001a640000 JavaThread "rpc-client-reaper-0" daemon [_thread_blocked, id=24720, stack(0x00000000267a0000,0x00000000268a0000)]
  0x00000000195af000 JavaThread "rpc-client-reaper-0" daemon [_thread_blocked, id=31652, stack(0x0000000026db0000,0x0000000026eb0000)]
  0x00000000195ae000 JavaThread "rpc-client-reaper-0" daemon [_thread_blocked, id=30660, stack(0x000000001a9e0000,0x000000001aae0000)]
  0x00000000195ad800 JavaThread "rpc-client-reaper-0" daemon [_thread_blocked, id=22172, stack(0x0000000026350000,0x0000000026450000)]
  0x00000000195ac800 JavaThread "rpc-client-reaper-0" daemon [_thread_blocked, id=24544, stack(0x00000000268f0000,0x00000000269f0000)]
  0x000000001a643000 JavaThread "rpc-client-reaper-0" daemon [_thread_blocked, id=23532, stack(0x0000000026a20000,0x0000000026b20000)]
  0x000000001a642000 JavaThread "rpc-client-reaper-0" daemon [_thread_blocked, id=13500, stack(0x000000001f3e0000,0x000000001f4e0000)]
  0x000000001a641800 JavaThread "rpc-client-reaper-0" daemon [_thread_blocked, id=20136, stack(0x0000000025780000,0x0000000025880000)]
  0x000000001a640800 JavaThread "http-nio-7080-exec-10" daemon [_thread_blocked, id=18760, stack(0x00000000265f0000,0x00000000266f0000)]
  0x000000001a63f000 JavaThread "rpc-client-reaper-0" daemon [_thread_blocked, id=11388, stack(0x0000000024d50000,0x0000000024e50000)]
  0x000000001bfeb000 JavaThread "http-nio-7080-exec-9" daemon [_thread_blocked, id=12012, stack(0x00000000259e0000,0x0000000025ae0000)]
  0x000000001a63e800 JavaThread "http-nio-7080-exec-8" daemon [_thread_blocked, id=16916, stack(0x0000000026030000,0x0000000026130000)]
  0x000000001a63d800 JavaThread "rpc-client-reaper-0" daemon [_thread_blocked, id=27476, stack(0x0000000025f30000,0x0000000026030000)]
  0x000000001a63d000 JavaThread "http-nio-7080-exec-7" daemon [_thread_blocked, id=19056, stack(0x0000000025d50000,0x0000000025e50000)]
  0x000000001a63c000 JavaThread "http-nio-7080-exec-6" daemon [_thread_blocked, id=9504, stack(0x0000000025bd0000,0x0000000025cd0000)]
  0x000000001b80b800 JavaThread "Thread-5 (ActiveMQ-client-netty-threads)" daemon [_thread_in_native, id=25956, stack(0x0000000024770000,0x0000000024870000)]
  0x000000001b80b000 JavaThread "Thread-4 (ActiveMQ-client-netty-threads)" daemon [_thread_in_native, id=16964, stack(0x00000000258b0000,0x00000000259b0000)]
  0x000000001b80a000 JavaThread "rpc-client-reaper-0" daemon [_thread_blocked, id=18784, stack(0x0000000025680000,0x0000000025780000)]
  0x000000001b809800 JavaThread "http-nio-7080-exec-5" daemon [_thread_blocked, id=29028, stack(0x00000000251e0000,0x00000000252e0000)]
  0x000000001b808800 JavaThread "http-nio-7080-exec-4" daemon [_thread_blocked, id=23420, stack(0x00000000254c0000,0x00000000255c0000)]
  0x000000001b808000 JavaThread "Thread-3 (ActiveMQ-client-netty-threads)" daemon [_thread_in_native, id=11536, stack(0x00000000252e0000,0x00000000253e0000)]
  0x000000001b807000 JavaThread "Thread-4 (ActiveMQ-client-global-scheduled-threads)" daemon [_thread_blocked, id=10284, stack(0x00000000250a0000,0x00000000251a0000)]
  0x000000001b806800 JavaThread "Thread-2 (ActiveMQ-client-netty-threads)" daemon [_thread_in_native, id=28240, stack(0x0000000024fa0000,0x00000000250a0000)]
  0x000000001b805800 JavaThread "rpc-client-reaper-0" daemon [_thread_blocked, id=29756, stack(0x0000000024e90000,0x0000000024f90000)]
  0x000000001b805000 JavaThread "http-nio-7080-exec-3" daemon [_thread_blocked, id=24732, stack(0x0000000024c20000,0x0000000024d20000)]
  0x000000001bfea000 JavaThread "Thread-3 (ActiveMQ-client-global-scheduled-threads)" daemon [_thread_blocked, id=9700, stack(0x0000000024460000,0x0000000024560000)]
  0x000000001bfe9800 JavaThread "Thread-2 (ActiveMQ-client-global-scheduled-threads)" daemon [_thread_blocked, id=21500, stack(0x000000001eb80000,0x000000001ec80000)]
  0x000000001bfe8800 JavaThread "Thread-1 (ActiveMQ-client-netty-threads)" daemon [_thread_in_native, id=20164, stack(0x0000000023300000,0x0000000023400000)]
  0x000000001bfe8000 JavaThread "Thread-1 (ActiveMQ-client-global-scheduled-threads)" daemon [_thread_blocked, id=2884, stack(0x00000000221f0000,0x00000000222f0000)]
  0x000000001bfe7000 JavaThread "Thread-0 (ActiveMQ-client-global-scheduled-threads)" daemon [_thread_blocked, id=25372, stack(0x0000000021040000,0x0000000021140000)]
  0x000000001bfe6800 JavaThread "threadDeathWatcher-2-1" daemon [_thread_blocked, id=30680, stack(0x000000001f2e0000,0x000000001f3e0000)]
  0x000000001bfe5800 JavaThread "Thread-0 (ActiveMQ-client-netty-threads)" daemon [_thread_in_native, id=24056, stack(0x000000001fd20000,0x000000001fe20000)]
  0x000000001bfe5000 JavaThread "rpc-client-reaper-0" daemon [_thread_blocked, id=25912, stack(0x000000001e210000,0x000000001e310000)]
  0x000000001a64f000 JavaThread "http-nio-7080-exec-2" daemon [_thread_blocked, id=21420, stack(0x000000001ee40000,0x000000001ef40000)]
  0x0000000019cfa800 JavaThread "http-nio-7080-exec-1" daemon [_thread_blocked, id=18860, stack(0x000000001e3d0000,0x000000001e4d0000)]
  0x0000000002696000 JavaThread "DestroyJavaVM" [_thread_blocked, id=20188, stack(0x0000000002850000,0x0000000002950000)]
  0x0000000019e71800 JavaThread "http-nio-7080-AsyncTimeout" daemon [_thread_blocked, id=30552, stack(0x000000001f1d0000,0x000000001f2d0000)]
  0x0000000019549000 JavaThread "http-nio-7080-Acceptor-0" daemon [_thread_in_native, id=20024, stack(0x000000001f0a0000,0x000000001f1a0000)]
  0x00000000197be000 JavaThread "http-nio-7080-ClientPoller-1" daemon [_thread_in_native, id=21056, stack(0x000000001ef40000,0x000000001f040000)]
  0x0000000018c04800 JavaThread "http-nio-7080-ClientPoller-0" daemon [_thread_in_native, id=27620, stack(0x000000001ecd0000,0x000000001edd0000)]
  0x00000000193e9800 JavaThread "NioBlockingSelector.BlockPoller-1" daemon [_thread_in_native, id=16604, stack(0x000000001add0000,0x000000001aed0000)]
  0x000000001a4da000 JavaThread "container-0" [_thread_blocked, id=16128, stack(0x000000001e110000,0x000000001e210000)]
  0x000000001d258800 JavaThread "ContainerBackgroundProcessor[StandardEngine[Tomcat].StandardHost[localhost].StandardContext[/cbre]]" daemon [_thread_blocked, id=8460, stack(0x000000001e010000,0x000000001e110000)]
  0x000000001772e000 JavaThread "Service Thread" daemon [_thread_blocked, id=25868, stack(0x0000000017fb0000,0x00000000180b0000)]
  0x00000000176d9000 JavaThread "C1 CompilerThread1" daemon [_thread_blocked, id=20860, stack(0x0000000018840000,0x0000000018940000)]
=>0x00000000176d3800 JavaThread "C2 CompilerThread0" daemon [_thread_in_native, id=14624, stack(0x0000000018470000,0x0000000018570000)]
  0x00000000176d2000 JavaThread "Attach Listener" daemon [_thread_blocked, id=23360, stack(0x0000000018720000,0x0000000018820000)]
  0x00000000176d0800 JavaThread "Signal Dispatcher" daemon [_thread_blocked, id=23008, stack(0x0000000018610000,0x0000000018710000)]
  0x00000000176b6000 JavaThread "Finalizer" daemon [_thread_blocked, id=30992, stack(0x0000000018360000,0x0000000018460000)]
  0x000000001766d000 JavaThread "Reference Handler" daemon [_thread_blocked, id=24412, stack(0x00000000181c0000,0x00000000182c0000)]

Other Threads:
  0x0000000017665000 VMThread [stack: 0x00000000180b0000,0x00000000181b0000] [id=8272]
  0x0000000018976000 WatcherThread [stack: 0x0000000018f10000,0x0000000019010000] [id=17620]

VM state:not at safepoint (normal execution)

VM Mutex/Monitor currently owned by a thread: None

Heap:
 PSYoungGen      total 246784K, used 204008K [0x0000000795580000, 0x00000007a6080000, 0x00000007c0000000)
  eden space 235008K, 81% used [0x0000000795580000,0x00000007a113f178,0x00000007a3b00000)
  from space 11776K, 99% used [0x00000007a4a00000,0x00000007a557b238,0x00000007a5580000)
  to   space 15360K, 0% used [0x00000007a3b00000,0x00000007a3b00000,0x00000007a4a00000)
 ParOldGen       total 82944K, used 25023K [0x0000000740000000, 0x0000000745100000, 0x0000000795580000)
  object space 82944K, 30% used [0x0000000740000000,0x000000074186ffc8,0x0000000745100000)
 Metaspace       used 53636K, capacity 54384K, committed 54528K, reserved 1097728K
  class space    used 6701K, capacity 6873K, committed 6912K, reserved 1048576K

Card table byte_map: [0x0000000011e20000,0x0000000012230000] byte_map_base: 0x000000000e420000

Marking Bits: (ParMarkBitMap*) 0x0000000065a00860
 Begin Bits: [0x0000000012930000, 0x0000000014930000)
 End Bits:   [0x0000000014930000, 0x0000000016930000)

Polling page: 0x0000000000290000

CodeCache: size=245760Kb used=16321Kb max_used=16339Kb free=229438Kb
 bounds [0x0000000002a60000, 0x0000000003a80000, 0x0000000011a60000]
 total_blobs=6217 nmethods=5646 adapters=482
 compilation: enabled

Compilation events (10 events):
Event: 2425.921 Thread 0x00000000176d3800 nmethod 6611 0x0000000003a58a50 code [0x0000000003a58bc0, 0x0000000003a58df8]
Event: 2426.810 Thread 0x00000000176d3800 6612       4       java.util.concurrent.ThreadPoolExecutor$Worker::tryAcquire (20 bytes)
Event: 2426.811 Thread 0x00000000176d3800 nmethod 6612 0x0000000003732790 code [0x00000000037328c0, 0x0000000003732978]
Event: 2427.674 Thread 0x00000000176d3800 6613       4       java.util.concurrent.ThreadPoolExecutor$Worker::tryRelease (12 bytes)
Event: 2427.675 Thread 0x00000000176d3800 nmethod 6613 0x0000000003748790 code [0x00000000037488c0, 0x0000000003748938]
Event: 2429.685 Thread 0x00000000176d3800 6614       4       io.netty.handler.codec.LengthFieldBasedFrameDecoder::getUnadjustedFrameLength (147 bytes)
Event: 2429.687 Thread 0x00000000176d3800 nmethod 6614 0x0000000003a582d0 code [0x0000000003a58440, 0x0000000003a58670]
Event: 2434.890 Thread 0x00000000176d3800 6615   !   4       sun.nio.ch.SocketChannelImpl::write (385 bytes)
Event: 2434.909 Thread 0x00000000176d3800 nmethod 6615 0x0000000003a6ddd0 code [0x0000000003a6e000, 0x0000000003a6fc60]
Event: 2437.628 Thread 0x00000000176d3800 6616       4       io.netty.channel.AbstractChannelHandlerContext::flush (67 bytes)

GC Heap History (10 events):
Event: 5.011 GC heap before
{Heap before GC invocations=8 (full 1):
 PSYoungGen      total 115200K, used 114832K [0x0000000795580000, 0x000000079e880000, 0x00000007c0000000)
  eden space 108544K, 100% used [0x0000000795580000,0x000000079bf80000,0x000000079bf80000)
  from space 6656K, 94% used [0x000000079e200000,0x000000079e824008,0x000000079e880000)
  to   space 10752K, 0% used [0x000000079d380000,0x000000079d380000,0x000000079de00000)
 ParOldGen       total 65024K, used 13321K [0x0000000740000000, 0x0000000743f80000, 0x0000000795580000)
  object space 65024K, 20% used [0x0000000740000000,0x0000000740d02578,0x0000000743f80000)
 Metaspace       used 28848K, capacity 29108K, committed 29568K, reserved 1075200K
  class space    used 3529K, capacity 3601K, committed 3712K, reserved 1048576K
Event: 5.033 GC heap after
Heap after GC invocations=8 (full 1):
 PSYoungGen      total 139776K, used 7850K [0x0000000795580000, 0x00000007a1500000, 0x00000007c0000000)
  eden space 129024K, 0% used [0x0000000795580000,0x0000000795580000,0x000000079d380000)
  from space 10752K, 73% used [0x000000079d380000,0x000000079db2aa78,0x000000079de00000)
  to   space 10240K, 0% used [0x00000007a0b00000,0x00000007a0b00000,0x00000007a1500000)
 ParOldGen       total 65024K, used 13329K [0x0000000740000000, 0x0000000743f80000, 0x0000000795580000)
  object space 65024K, 20% used [0x0000000740000000,0x0000000740d04578,0x0000000743f80000)
 Metaspace       used 28848K, capacity 29108K, committed 29568K, reserved 1075200K
  class space    used 3529K, capacity 3601K, committed 3712K, reserved 1048576K
}
Event: 19.087 GC heap before
{Heap before GC invocations=9 (full 1):
 PSYoungGen      total 139776K, used 136874K [0x0000000795580000, 0x00000007a1500000, 0x00000007c0000000)
  eden space 129024K, 100% used [0x0000000795580000,0x000000079d380000,0x000000079d380000)
  from space 10752K, 73% used [0x000000079d380000,0x000000079db2aa78,0x000000079de00000)
  to   space 10240K, 0% used [0x00000007a0b00000,0x00000007a0b00000,0x00000007a1500000)
 ParOldGen       total 65024K, used 13329K [0x0000000740000000, 0x0000000743f80000, 0x0000000795580000)
  object space 65024K, 20% used [0x0000000740000000,0x0000000740d04578,0x0000000743f80000)
 Metaspace       used 33900K, capacity 34204K, committed 34688K, reserved 1079296K
  class space    used 4269K, capacity 4377K, committed 4480K, reserved 1048576K
Event: 19.107 GC heap after
Heap after GC invocations=9 (full 1):
 PSYoungGen      total 184320K, used 10236K [0x0000000795580000, 0x00000007a3000000, 0x00000007c0000000)
  eden space 174080K, 0% used [0x0000000795580000,0x0000000795580000,0x000000079ff80000)
  from space 10240K, 99% used [0x00000007a0b00000,0x00000007a14ff2e0,0x00000007a1500000)
  to   space 11776K, 0% used [0x000000079ff80000,0x000000079ff80000,0x00000007a0b00000)
 ParOldGen       total 65024K, used 14959K [0x0000000740000000, 0x0000000743f80000, 0x0000000795580000)
  object space 65024K, 23% used [0x0000000740000000,0x0000000740e9beb8,0x0000000743f80000)
 Metaspace       used 33900K, capacity 34204K, committed 34688K, reserved 1079296K
  class space    used 4269K, capacity 4377K, committed 4480K, reserved 1048576K
}
Event: 19.405 GC heap before
{Heap before GC invocations=10 (full 1):
 PSYoungGen      total 184320K, used 28095K [0x0000000795580000, 0x00000007a3000000, 0x00000007c0000000)
  eden space 174080K, 10% used [0x0000000795580000,0x00000007966f0bb0,0x000000079ff80000)
  from space 10240K, 99% used [0x00000007a0b00000,0x00000007a14ff2e0,0x00000007a1500000)
  to   space 11776K, 0% used [0x000000079ff80000,0x000000079ff80000,0x00000007a0b00000)
 ParOldGen       total 65024K, used 14959K [0x0000000740000000, 0x0000000743f80000, 0x0000000795580000)
  object space 65024K, 23% used [0x0000000740000000,0x0000000740e9beb8,0x0000000743f80000)
 Metaspace       used 34963K, capacity 35220K, committed 35496K, reserved 1081344K
  class space    used 4395K, capacity 4477K, committed 4480K, reserved 1048576K
Event: 19.422 GC heap after
Heap after GC invocations=10 (full 1):
 PSYoungGen      total 185856K, used 6796K [0x0000000795580000, 0x00000007a5580000, 0x00000007c0000000)
  eden space 174080K, 0% used [0x0000000795580000,0x0000000795580000,0x000000079ff80000)
  from space 11776K, 57% used [0x000000079ff80000,0x00000007a06232a8,0x00000007a0b00000)
  to   space 11776K, 0% used [0x00000007a4a00000,0x00000007a4a00000,0x00000007a5580000)
 ParOldGen       total 65024K, used 17347K [0x0000000740000000, 0x0000000743f80000, 0x0000000795580000)
  object space 65024K, 26% used [0x0000000740000000,0x00000007410f0f28,0x0000000743f80000)
 Metaspace       used 34963K, capacity 35220K, committed 35496K, reserved 1081344K
  class space    used 4395K, capacity 4477K, committed 4480K, reserved 1048576K
}
Event: 19.422 GC heap before
{Heap before GC invocations=11 (full 2):
 PSYoungGen      total 185856K, used 6796K [0x0000000795580000, 0x00000007a5580000, 0x00000007c0000000)
  eden space 174080K, 0% used [0x0000000795580000,0x0000000795580000,0x000000079ff80000)
  from space 11776K, 57% used [0x000000079ff80000,0x00000007a06232a8,0x00000007a0b00000)
  to   space 11776K, 0% used [0x00000007a4a00000,0x00000007a4a00000,0x00000007a5580000)
 ParOldGen       total 65024K, used 17347K [0x0000000740000000, 0x0000000743f80000, 0x0000000795580000)
  object space 65024K, 26% used [0x0000000740000000,0x00000007410f0f28,0x0000000743f80000)
 Metaspace       used 34963K, capacity 35220K, committed 35496K, reserved 1081344K
  class space    used 4395K, capacity 4477K, committed 4480K, reserved 1048576K
Event: 19.541 GC heap after
Heap after GC invocations=11 (full 2):
 PSYoungGen      total 185856K, used 0K [0x0000000795580000, 0x00000007a5580000, 0x00000007c0000000)
  eden space 174080K, 0% used [0x0000000795580000,0x0000000795580000,0x000000079ff80000)
  from space 11776K, 0% used [0x000000079ff80000,0x000000079ff80000,0x00000007a0b00000)
  to   space 11776K, 0% used [0x00000007a4a00000,0x00000007a4a00000,0x00000007a5580000)
 ParOldGen       total 82944K, used 17847K [0x0000000740000000, 0x0000000745100000, 0x0000000795580000)
  object space 82944K, 21% used [0x0000000740000000,0x000000074116de28,0x0000000745100000)
 Metaspace       used 34963K, capacity 35220K, committed 35496K, reserved 1081344K
  class space    used 4395K, capacity 4477K, committed 4480K, reserved 1048576K
}
Event: 22.701 GC heap before
{Heap before GC invocations=12 (full 2):
 PSYoungGen      total 185856K, used 174080K [0x0000000795580000, 0x00000007a5580000, 0x00000007c0000000)
  eden space 174080K, 100% used [0x0000000795580000,0x000000079ff80000,0x000000079ff80000)
  from space 11776K, 0% used [0x000000079ff80000,0x000000079ff80000,0x00000007a0b00000)
  to   space 11776K, 0% used [0x00000007a4a00000,0x00000007a4a00000,0x00000007a5580000)
 ParOldGen       total 82944K, used 17847K [0x0000000740000000, 0x0000000745100000, 0x0000000795580000)
  object space 82944K, 21% used [0x0000000740000000,0x000000074116de28,0x0000000745100000)
 Metaspace       used 49355K, capacity 49682K, committed 50176K, reserved 1093632K
  class space    used 6181K, capacity 6286K, committed 6400K, reserved 1048576K
Event: 22.728 GC heap after
Heap after GC invocations=12 (full 2):
 PSYoungGen      total 246784K, used 11756K [0x0000000795580000, 0x00000007a6080000, 0x00000007c0000000)
  eden space 235008K, 0% used [0x0000000795580000,0x0000000795580000,0x00000007a3b00000)
  from space 11776K, 99% used [0x00000007a4a00000,0x00000007a557b238,0x00000007a5580000)
  to   space 15360K, 0% used [0x00000007a3b00000,0x00000007a3b00000,0x00000007a4a00000)
 ParOldGen       total 82944K, used 25023K [0x0000000740000000, 0x0000000745100000, 0x0000000795580000)
  object space 82944K, 30% used [0x0000000740000000,0x000000074186ffc8,0x0000000745100000)
 Metaspace       used 49355K, capacity 49682K, committed 50176K, reserved 1093632K
  class space    used 6181K, capacity 6286K, committed 6400K, reserved 1048576K
}

Deoptimization events (10 events):
Event: 625.698 Thread 0x000000001b80b000 Uncommon trap: reason=predicate action=maybe_recompile pc=0x0000000003871614 method=java.util.Arrays.fill([Ljava/lang/Object;IILjava/lang/Object;)V @ 16
Event: 637.369 Thread 0x000000001bfe8800 Uncommon trap: reason=array_check action=maybe_recompile pc=0x000000000388e8c4 method=java.util.Arrays.fill([Ljava/lang/Object;IILjava/lang/Object;)V @ 20
Event: 637.369 Thread 0x000000001bfe8800 Uncommon trap: reason=array_check action=maybe_recompile pc=0x000000000388e8c4 method=java.util.Arrays.fill([Ljava/lang/Object;IILjava/lang/Object;)V @ 20
Event: 637.372 Thread 0x000000001bfe8800 Uncommon trap: reason=array_check action=maybe_recompile pc=0x000000000388e8c4 method=java.util.Arrays.fill([Ljava/lang/Object;IILjava/lang/Object;)V @ 20
Event: 637.372 Thread 0x000000001bfe8800 Uncommon trap: reason=array_check action=maybe_recompile pc=0x000000000388e8c4 method=java.util.Arrays.fill([Ljava/lang/Object;IILjava/lang/Object;)V @ 20
Event: 640.707 Thread 0x000000001b80b000 Uncommon trap: reason=unstable_if action=reinterpret pc=0x00000000038a3ac0 method=io.netty.util.Recycler$WeakOrderQueue.transfer(Lio/netty/util/Recycler$Stack;)Z @ 239
Event: 695.127 Thread 0x000000001bfe5800 Uncommon trap: reason=unstable_if action=reinterpret pc=0x00000000038d60d8 method=io.netty.util.Recycler$WeakOrderQueue.transfer(Lio/netty/util/Recycler$Stack;)Z @ 18
Event: 797.487 Thread 0x000000001b808000 Uncommon trap: reason=unstable_if action=reinterpret pc=0x00000000031c7414 method=io.netty.channel.DefaultSelectStrategy.calculateStrategy(Lio/netty/util/IntSupplier;Z)I @ 1
Event: 821.216 Thread 0x000000001a640800 Uncommon trap: reason=null_check action=make_not_entrant pc=0x0000000002cd4374 method=java.lang.Class.createAnnotationData(I)Ljava/lang/Class$AnnotationData; @ 14
Event: 836.327 Thread 0x000000001a640000 Uncommon trap: reason=unstable_if action=reinterpret pc=0x000000000390f21c method=java.util.concurrent.locks.AbstractQueuedSynchronizer$ConditionObject.awaitNanos(J)J @ 73

Classes redefined (0 events):
No events

Internal exceptions (10 events):
Event: 5.473 Thread 0x0000000002696000 Exception <a 'java/lang/ClassNotFoundException': org/springframework/context/annotation/ConfigurationClassEnhancer$EnhancedConfigurationCustomizer> (0x0000000799d56c58) thrown at [C:\re\workspace\8-2-build-windows-amd64-cygwin\jdk8u152\9742\hotspot\src\sh
Event: 5.480 Thread 0x0000000002696000 Exception <a 'java/lang/ClassNotFoundException': org/springframework/boot/web/client/RestTemplateBuilderBeanInfo> (0x0000000799e2fee8) thrown at [C:\re\workspace\8-2-build-windows-amd64-cygwin\jdk8u152\9742\hotspot\src\share\vm\classfile\systemDictionary.
Event: 5.480 Thread 0x0000000002696000 Exception <a 'java/lang/ClassNotFoundException': org/springframework/boot/web/client/RestTemplateBuilderCustomizer> (0x0000000799e4dfb0) thrown at [C:\re\workspace\8-2-build-windows-amd64-cygwin\jdk8u152\9742\hotspot\src\share\vm\classfile\systemDictionar
Event: 5.482 Thread 0x0000000002696000 Exception <a 'java/lang/ClassNotFoundException': java/lang/ObjectCustomizer> (0x0000000799ea2570) thrown at [C:\re\workspace\8-2-build-windows-amd64-cygwin\jdk8u152\9742\hotspot\src\share\vm\classfile\systemDictionary.cpp, line 210]
Event: 5.482 Thread 0x0000000002696000 Exception <a 'java/lang/ClassNotFoundException': org/springframework/boot/autoconfigure/web/WebClientAutoConfigurationCustomizer> (0x0000000799ec9688) thrown at [C:\re\workspace\8-2-build-windows-amd64-cygwin\jdk8u152\9742\hotspot\src\share\vm\classfile\s
Event: 5.483 Thread 0x0000000002696000 Exception <a 'java/lang/ClassNotFoundException': org/springframework/boot/autoconfigure/web/WebClientAutoConfiguration$$EnhancerBySpringCGLIB$$b1db10dCustomizer> (0x0000000799ef9090) thrown at [C:\re\workspace\8-2-build-windows-amd64-cygwin\jdk8u152\9742\
Event: 5.483 Thread 0x0000000002696000 Exception <a 'java/lang/ClassNotFoundException': org/springframework/context/annotation/ConfigurationClassEnhancer$EnhancedConfigurationCustomizer> (0x0000000799f28068) thrown at [C:\re\workspace\8-2-build-windows-amd64-cygwin\jdk8u152\9742\hotspot\src\sh
Event: 19.791 Thread 0x0000000019cfa800 Implicit null exception at 0x0000000002d6d223 to 0x0000000002d6d311
Event: 21.895 Thread 0x000000001a64f000 Exception <a 'java/lang/ClassCastException': sun.misc.Cleaner cannot be cast to java.lang.Runnable> (0x000000079bd95260) thrown at [C:\re\workspace\8-2-build-windows-amd64-cygwin\jdk8u152\9742\hotspot\src\share\vm\interpreter\interpreterRuntime.cpp, line 
Event: 23.323 Thread 0x000000001a64f000 Exception <a 'java/lang/ClassNotFoundException': java/lang/package-info> (0x0000000796ff9998) thrown at [C:\re\workspace\8-2-build-windows-amd64-cygwin\jdk8u152\9742\hotspot\src\share\vm\classfile\systemDictionary.cpp, line 210]

Events (10 events):
Event: 1633.376 Executing VM operation: RevokeBias
Event: 1633.377 Executing VM operation: RevokeBias done
Event: 1673.745 Executing VM operation: RevokeBias
Event: 1673.745 Executing VM operation: RevokeBias done
Event: 1733.749 Executing VM operation: RevokeBias
Event: 1733.749 Executing VM operation: RevokeBias done
Event: 1793.753 Executing VM operation: RevokeBias
Event: 1793.753 Executing VM operation: RevokeBias done
Event: 1913.761 Executing VM operation: RevokeBias
Event: 1913.761 Executing VM operation: RevokeBias done


Dynamic libraries:
0x000000013f5e0000 - 0x000000013f617000 	C:\Program Files\Java\jdk1.8.0_152\bin\javaw.exe
0x00000000776c0000 - 0x000000007786a000 	C:\Windows\SYSTEM32\ntdll.dll
0x00000000774a0000 - 0x00000000775bf000 	C:\Windows\system32\kernel32.dll
0x000007fefd3e0000 - 0x000007fefd44a000 	C:\Windows\system32\KERNELBASE.dll
0x000007fefe4f0000 - 0x000007fefe5cb000 	C:\Windows\system32\ADVAPI32.dll
0x000007fefd850000 - 0x000007fefd8ef000 	C:\Windows\system32\msvcrt.dll
0x000007fefda70000 - 0x000007fefda8f000 	C:\Windows\SYSTEM32\sechost.dll
0x000007feff8a0000 - 0x000007feff9cd000 	C:\Windows\system32\RPCRT4.dll
0x00000000775c0000 - 0x00000000776ba000 	C:\Windows\system32\USER32.dll
0x000007fefe190000 - 0x000007fefe1f7000 	C:\Windows\system32\GDI32.dll
0x000007fefd8f0000 - 0x000007fefd8fe000 	C:\Windows\system32\LPK.dll
0x000007fefd9a0000 - 0x000007fefda6a000 	C:\Windows\system32\USP10.dll
0x000007fefbbe0000 - 0x000007fefbdd4000 	C:\Windows\WinSxS\amd64_microsoft.windows.common-controls_6595b64144ccf1df_6.0.7601.18837_none_fa3b1e3d17594757\COMCTL32.dll
0x000007fefd780000 - 0x000007fefd7f1000 	C:\Windows\system32\SHLWAPI.dll
0x000007fefdb30000 - 0x000007fefdb5e000 	C:\Windows\system32\IMM32.DLL
0x000007fefe3e0000 - 0x000007fefe4e9000 	C:\Windows\system32\MSCTF.dll
0x000007fefd2f0000 - 0x000007fefd315000 	C:\Windows\system32\vmwsci.dll
0x0000000077890000 - 0x0000000077897000 	C:\Windows\system32\PSAPI.DLL
0x0000000072820000 - 0x000000007289d000 	C:\Program Files\Immidio\Flex Profiles\FlexHook64.dll
0x000007fefd520000 - 0x000007fefd53e000 	C:\Windows\system32\USERENV.dll
0x000007fefd3c0000 - 0x000007fefd3cf000 	C:\Windows\system32\profapi.dll
0x000007fefcb30000 - 0x000007fefcb52000 	C:\Windows\system32\bcrypt.dll
0x000007fef5b30000 - 0x000007fef5b33000 	C:\Windows\system32\api-ms-win-core-synch-l1-2-0.DLL
0x000007fefd100000 - 0x000007fefd11e000 	C:\Windows\system32\ftapihook64.dll
0x000007fefce80000 - 0x000007fefceb1000 	C:\Windows\system32\ftsti.dll
0x000007fefdc60000 - 0x000007fefde5c000 	C:\Windows\system32\ole32.dll
0x000007fefdb80000 - 0x000007fefdc5a000 	C:\Windows\system32\OLEAUT32.dll
0x000007fefcd30000 - 0x000007fefce5c000 	C:\Windows\system32\PROPSYS.dll
0x0000000069a40000 - 0x0000000069b12000 	C:\Program Files\Java\jdk1.8.0_152\jre\bin\msvcr100.dll
0x00000000651e0000 - 0x0000000065a80000 	C:\Program Files\Java\jdk1.8.0_152\jre\bin\server\jvm.dll
0x000007fefa300000 - 0x000007fefa309000 	C:\Windows\system32\WSOCK32.dll
0x000007fefd800000 - 0x000007fefd84d000 	C:\Windows\system32\WS2_32.dll
0x000007fefd770000 - 0x000007fefd778000 	C:\Windows\system32\NSI.dll
0x000007fefb050000 - 0x000007fefb08b000 	C:\Windows\system32\WINMM.dll
0x000007fefc4a0000 - 0x000007fefc4ac000 	C:\Windows\system32\VERSION.dll
0x0000000071c20000 - 0x0000000071c2f000 	C:\Program Files\Java\jdk1.8.0_152\jre\bin\verify.dll
0x0000000071b70000 - 0x0000000071b99000 	C:\Program Files\Java\jdk1.8.0_152\jre\bin\java.dll
0x000000006a3f0000 - 0x000000006a406000 	C:\Program Files\Java\jdk1.8.0_152\jre\bin\zip.dll
0x000007fefe900000 - 0x000007feff68a000 	C:\Windows\system32\SHELL32.dll
0x0000000072020000 - 0x000000007202d000 	C:\Program Files\Java\jdk1.8.0_152\jre\bin\management.dll
0x0000000069c90000 - 0x0000000069caa000 	C:\Program Files\Java\jdk1.8.0_152\jre\bin\net.dll
0x000007fefc980000 - 0x000007fefc9d5000 	C:\Windows\system32\mswsock.dll
0x000007fefc970000 - 0x000007fefc977000 	C:\Windows\System32\wship6.dll
0x000007fefaf80000 - 0x000007fefaf95000 	C:\Windows\system32\NLAapi.dll
0x000007fef8de0000 - 0x000007fef8df5000 	C:\Windows\system32\napinsp.dll
0x000007fef8e00000 - 0x000007fef8e19000 	C:\Windows\system32\pnrpnsp.dll
0x000007fefc800000 - 0x000007fefc85b000 	C:\Windows\system32\DNSAPI.dll
0x000007fef8dd0000 - 0x000007fef8ddb000 	C:\Windows\System32\winrnr.dll
0x000007fefc0b0000 - 0x000007fefc0b7000 	C:\Windows\System32\wshtcpip.dll
0x000007fefafa0000 - 0x000007fefafc7000 	C:\Windows\system32\IPHLPAPI.DLL
0x000007fefaf70000 - 0x000007fefaf7b000 	C:\Windows\system32\WINNSI.DLL
0x000007fef9340000 - 0x000007fef9348000 	C:\Windows\system32\rasadhlp.dll
0x000007fef9cb0000 - 0x000007fef9d03000 	C:\Windows\System32\fwpuclnt.dll
0x0000000072060000 - 0x0000000072071000 	C:\Program Files\Java\jdk1.8.0_152\jre\bin\nio.dll
0x000007fefc9e0000 - 0x000007fefc9f8000 	C:\Windows\system32\CRYPTSP.dll
0x000007fefc6e0000 - 0x000007fefc727000 	C:\Windows\system32\rsaenh.dll
0x000007fefd180000 - 0x000007fefd18f000 	C:\Windows\system32\CRYPTBASE.dll
0x000007fefae00000 - 0x000007fefae11000 	C:\Windows\system32\dhcpcsvc6.DLL
0x000007fefad60000 - 0x000007fefad78000 	C:\Windows\system32\dhcpcsvc.DLL
0x0000000072030000 - 0x0000000072054000 	C:\Program Files\Java\jdk1.8.0_152\jre\bin\sunec.dll
0x0000000071c30000 - 0x0000000071c3b000 	C:\Program Files\Java\jdk1.8.0_152\jre\bin\sunmscapi.dll
0x000007fefd5c0000 - 0x000007fefd72d000 	C:\Windows\system32\CRYPT32.dll
0x000007fefd3b0000 - 0x000007fefd3bf000 	C:\Windows\system32\MSASN1.dll

VM Arguments:
jvm_args: -Dfile.encoding=Cp1252 
java_command: com.cbre.lease.Application
java_class_path (initial): D:\ZOHEB\CBRE_BLOCKCHAIN\cbrews\cbre-lease-api\target\classes;D:\Users\ZSarkar\.m2\repository\org\springframework\boot\spring-boot-starter-web\1.4.0.RELEASE\spring-boot-starter-web-1.4.0.RELEASE.jar;D:\Users\ZSarkar\.m2\repository\org\springframework\boot\spring-boot-starter\1.4.0.RELEASE\spring-boot-starter-1.4.0.RELEASE.jar;D:\Users\ZSarkar\.m2\repository\org\springframework\boot\spring-boot\1.4.0.RELEASE\spring-boot-1.4.0.RELEASE.jar;D:\Users\ZSarkar\.m2\repository\org\springframework\boot\spring-boot-autoconfigure\1.4.0.RELEASE\spring-boot-autoconfigure-1.4.0.RELEASE.jar;D:\Users\ZSarkar\.m2\repository\org\springframework\boot\spring-boot-starter-logging\1.4.0.RELEASE\spring-boot-starter-logging-1.4.0.RELEASE.jar;D:\Users\ZSarkar\.m2\repository\ch\qos\logback\logback-classic\1.1.7\logback-classic-1.1.7.jar;D:\Users\ZSarkar\.m2\repository\ch\qos\logback\logback-core\1.1.7\logback-core-1.1.7.jar;D:\Users\ZSarkar\.m2\repository\org\slf4j\jul-to-slf4j\1.7.21\jul-to-slf4j-1.7.21.jar;D:\Users\ZSarkar\.m2\repository\org\slf4j\log4j-over-slf4j\1.7.21\log4j-over-slf4j-1.7.21.jar;D:\Users\ZSarkar\.m2\repository\org\springframework\spring-core\4.3.2.RELEASE\spring-core-4.3.2.RELEASE.jar;D:\Users\ZSarkar\.m2\repository\org\yaml\snakeyaml\1.17\snakeyaml-1.17.jar;D:\Users\ZSarkar\.m2\repository\org\springframework\boot\spring-boot-starter-tomcat\1.4.0.RELEASE\spring-boot-starter-tomcat-1.4.0.RELEASE.jar;D:\Users\ZSarkar\.m2\repository\org\apache\tomcat\embed\tomcat-embed-core\8.5.4\tomcat-embed-core-8.5.4.jar;D:\Users\ZSarkar\.m2\repository\org\apache\tomcat\embed\tomcat-embed-el\8.5.4\tomcat-embed-el-8.5.4.jar;D:\Users\ZSarkar\.m2\repository\org\apache\tomcat\embed\tomcat-embed-websocket\8.5.4\tomcat-embed-websocket-8.5.4.jar;D:\Users\ZSarkar\.m2\repository\org\hibernate\hibernate-validator\5.2.4.Final\hibernate-validator-5.2.4.Final.jar;D:\Users\ZSarkar\.m2\repository\javax\validation\validation-api\1.1.0.Final\validation-api-1.1.0.Final.jar;D:\
Launcher Type: SUN_STANDARD

Environment Variables:
JAVA_HOME=C:\Program Files\Java\jdk1.8.0_152
PATH=C:/Program Files/Java/jdk1.8.0_152/bin/../jre/bin/server;C:/Program Files/Java/jdk1.8.0_152/bin/../jre/bin;C:/Program Files/Java/jdk1.8.0_152/bin/../jre/lib/amd64;C:\Windows\system32;C:\Windows;C:\Windows\System32\Wbem;C:\Windows\System32\WindowsPowerShell\v1.0\;C:\Program Files\Microsoft\Web Platform Installer\;C:\Program Files (x86)\Microsoft ASP.NET\ASP.NET Web Pages\v1.0\;C:\Program Files\Microsoft SQL Server\110\Tools\Binn\;c:\Program Files (x86)\Microsoft SQL Server\90\Tools\binn\;C:\Program Files (x86)\Windows Kits\8.1\Windows Performance Toolkit\;C:\Program Files\Microsoft SQL Server\100\DTS\Binn\;C:\Program Files (x86)\Microsoft SQL Server\100\Tools\Binn\VSShell\Common7\IDE\;C:\Program Files (x86)\Microsoft SQL Server\100\Tools\Binn\;C:\Program Files\Microsoft SQL Server\100\Tools\Binn\;C:\Program Files (x86)\Microsoft Visual Studio 9.0\Common7\IDE\PrivateAssemblies\;C:\Program Files (x86)\Microsoft SQL Server\100\DTS\Binn\;C:\Windows\System32\WindowsPowerShell\v1.0\;C:\Program Files\Common Files\ThinPrint\;C:\Program Files (x86)\Microsoft SQL Server\110\Tools\Binn\ManagementStudio\;C:\Program Files (x86)\Microsoft SQL Server\110\Tools\Binn\;C:\Program Files (x86)\Microsoft SQL Server\110\DTS\Binn\;C:\Program Files (x86)\Enterprise Vault\EVClient\;C:\Program Files (x86)\Microsoft Visual Studio 10.0\Common7\IDE\PrivateAssemblies\;C:\Program Files\Java\jdk1.8.0_152\bin;C:\Program Files\PuTTY\;C:\Program Files\Git\cmd;C:\Program Files (x86)\Brackets\command;C:\apache-maven-3.5.2-bin\apache-maven-3.5.2\bin;\\us.cbre.net\ViewData\Users\ZSarkar\Downloads\eclipse;
USERNAME=ZSarkar
OS=Windows_NT
PROCESSOR_IDENTIFIER=Intel64 Family 6 Model 63 Stepping 0, GenuineIntel



---------------  S Y S T E M  ---------------

OS: Windows 7 , 64 bit Build 7601 (6.1.7601.23714)

CPU:total 2 (initial active 2) (2 cores per cpu, 1 threads per core) family 6 model 63 stepping 0, cmov, cx8, fxsr, mmx, sse, sse2, sse3, ssse3, sse4.1, sse4.2, popcnt, avx, avx2, aes, clmul, erms, lzcnt, tsc, tscinvbit, bmi1, bmi2

Memory: 4k page, physical 8388152k(493220k free), swap 12514600k(5408k free)

vm_info: Java HotSpot(TM) 64-Bit Server VM (25.152-b16) for windows-amd64 JRE (1.8.0_152-b16), built on Sep 14 2017 02:29:36 by "java_re" with MS VC++ 10.0 (VS2010)

time: Tue Nov 14 00:26:28 2017
elapsed time: 2437 seconds (0d 0h 40m 37s)

